<?xml version="1.0" encoding="UTF-8"?>
<!-- Generated by org.testng.reporters.JUnitReportReporter -->
<testsuite hostname="DESKTOP-6QR7E27" failures="0" tests="2" name="com.inetBankingV1.testCases.TC_LoginTest_001" time="2.859" errors="0" timestamp="2022-06-09T15:54:38 IST" skipped="0">
  <testcase classname="com.inetBankingV1.testCases.TC_LoginTest_001" name="validateHeaderText" time="0.087"/>
  <system-out/>
  <testcase classname="com.inetBankingV1.testCases.TC_LoginTest_001" name="loginTest" time="2.772"/>
  <system-out/>
</testsuite> <!-- com.inetBankingV1.testCases.TC_LoginTest_001 -->
