<?xml version="1.0" encoding="UTF-8"?>
<!-- Generated by org.testng.reporters.JUnitReportReporter -->
<testsuite hostname="DESKTOP-6QR7E27" failures="0" tests="2" name="com.inetBankingV1.testCases.TC_LoginDDT_002" time="26.906" errors="0" timestamp="2022-06-10T13:43:52 IST" skipped="0">
  <testcase classname="com.inetBankingV1.testCases.TC_LoginDDT_002" name="loginDDT" time="13.219"/>
  <system-out/>
  <testcase classname="com.inetBankingV1.testCases.TC_LoginDDT_002" name="loginDDT" time="13.687"/>
  <system-out/>
</testsuite> <!-- com.inetBankingV1.testCases.TC_LoginDDT_002 -->
