<?xml version="1.0" encoding="UTF-8"?>
<!-- Generated by org.testng.reporters.JUnitReportReporter -->
<testsuite hostname="DESKTOP-6QR7E27" failures="0" tests="1" name="com.inetBankingV1.testCases.TC_AddCustomerTest_003" time="25.822" errors="0" timestamp="2022-06-10T13:43:52 IST" skipped="0">
  <testcase classname="com.inetBankingV1.testCases.TC_AddCustomerTest_003" name="addNewCustomer" time="25.822"/>
  <system-out/>
</testsuite> <!-- com.inetBankingV1.testCases.TC_AddCustomerTest_003 -->
